{"C:\\www\\projects\\social\\square\\src\\prisma\\prisma.ts": {"path":"C:\\www\\projects\\social\\square\\src\\prisma\\prisma.ts","statementMap":{"0":{"start":{"line":1,"column":0},"end":{"line":1,"column":45}},"1":{"start":{"line":3,"column":13},"end":{"line":3,"column":null}}},"fnMap":{},"branchMap":{},"s":{"0":3,"1":3},"f":{},"b":{}}
,"C:\\www\\projects\\social\\square\\src\\services\\CategoriesService.ts": {"path":"C:\\www\\projects\\social\\square\\src\\services\\CategoriesService.ts","statementMap":{"0":{"start":{"line":1,"column":0},"end":{"line":1,"column":47}},"1":{"start":{"line":5,"column":23},"end":{"line":10,"column":6}},"2":{"start":{"line":12,"column":4},"end":{"line":12,"column":null}},"3":{"start":{"line":16,"column":18},"end":{"line":31,"column":6}},"4":{"start":{"line":33,"column":4},"end":{"line":33,"column":null}},"5":{"start":{"line":33,"column":16},"end":{"line":33,"column":null}},"6":{"start":{"line":34,"column":4},"end":{"line":34,"column":null}},"7":{"start":{"line":34,"column":40},"end":{"line":34,"column":null}},"8":{"start":{"line":36,"column":4},"end":{"line":36,"column":null}},"9":{"start":{"line":40,"column":9},"end":{"line":40,"column":26}}},"fnMap":{"0":{"name":"(anonymous_7)","decl":{"start":{"line":4,"column":8},"end":{"line":4,"column":22}},"loc":{"start":{"line":4,"column":22},"end":{"line":13,"column":null}}},"1":{"name":"(anonymous_9)","decl":{"start":{"line":15,"column":8},"end":{"line":15,"column":25}},"loc":{"start":{"line":15,"column":45},"end":{"line":37,"column":null}}}},"branchMap":{"0":{"loc":{"start":{"line":33,"column":4},"end":{"line":33,"column":null}},"type":"if","locations":[{"start":{"line":33,"column":4},"end":{"line":33,"column":null}}]},"1":{"loc":{"start":{"line":34,"column":4},"end":{"line":34,"column":null}},"type":"if","locations":[{"start":{"line":34,"column":4},"end":{"line":34,"column":null}}]}},"s":{"0":1,"1":1,"2":1,"3":2,"4":2,"5":1,"6":1,"7":0,"8":1,"9":1},"f":{"0":1,"1":2},"b":{"0":[1],"1":[0]}}
,"C:\\www\\projects\\social\\square\\src\\services\\PostService.ts": {"path":"C:\\www\\projects\\social\\square\\src\\services\\PostService.ts","statementMap":{"0":{"start":{"line":1,"column":0},"end":{"line":1,"column":47}},"1":{"start":{"line":3,"column":0},"end":{"line":3,"column":39}},"2":{"start":{"line":5,"column":0},"end":{"line":5,"column":43}},"3":{"start":{"line":6,"column":20},"end":{"line":6,"column":37}},"4":{"start":{"line":10,"column":4},"end":{"line":25,"column":null}},"5":{"start":{"line":11,"column":19},"end":{"line":19,"column":8}},"6":{"start":{"line":20,"column":6},"end":{"line":20,"column":null}},"7":{"start":{"line":22,"column":6},"end":{"line":24,"column":null}},"8":{"start":{"line":23,"column":8},"end":{"line":23,"column":null}},"9":{"start":{"line":29,"column":17},"end":{"line":33,"column":6}},"10":{"start":{"line":34,"column":4},"end":{"line":34,"column":null}},"11":{"start":{"line":34,"column":23},"end":{"line":34,"column":null}},"12":{"start":{"line":35,"column":4},"end":{"line":35,"column":null}},"13":{"start":{"line":39,"column":4},"end":{"line":39,"column":null}},"14":{"start":{"line":39,"column":21},"end":{"line":39,"column":null}},"15":{"start":{"line":40,"column":4},"end":{"line":40,"column":null}},"16":{"start":{"line":40,"column":16},"end":{"line":40,"column":null}},"17":{"start":{"line":42,"column":32},"end":{"line":64,"column":6}},"18":{"start":{"line":66,"column":4},"end":{"line":66,"column":null}},"19":{"start":{"line":70,"column":4},"end":{"line":95,"column":null}},"20":{"start":{"line":71,"column":19},"end":{"line":71,"column":53}},"21":{"start":{"line":72,"column":19},"end":{"line":72,"column":46}},"22":{"start":{"line":74,"column":6},"end":{"line":75,"column":null}},"23":{"start":{"line":75,"column":8},"end":{"line":75,"column":null}},"24":{"start":{"line":77,"column":26},"end":{"line":88,"column":8}},"25":{"start":{"line":89,"column":6},"end":{"line":89,"column":null}},"26":{"start":{"line":91,"column":6},"end":{"line":93,"column":null}},"27":{"start":{"line":92,"column":8},"end":{"line":92,"column":null}},"28":{"start":{"line":94,"column":6},"end":{"line":94,"column":null}},"29":{"start":{"line":99,"column":4},"end":{"line":117,"column":null}},"30":{"start":{"line":100,"column":19},"end":{"line":100,"column":53}},"31":{"start":{"line":101,"column":19},"end":{"line":101,"column":46}},"32":{"start":{"line":103,"column":6},"end":{"line":104,"column":null}},"33":{"start":{"line":104,"column":8},"end":{"line":104,"column":null}},"34":{"start":{"line":105,"column":6},"end":{"line":107,"column":null}},"35":{"start":{"line":109,"column":6},"end":{"line":109,"column":null}},"36":{"start":{"line":111,"column":6},"end":{"line":115,"column":null}},"37":{"start":{"line":112,"column":8},"end":{"line":114,"column":null}},"38":{"start":{"line":113,"column":10},"end":{"line":113,"column":null}},"39":{"start":{"line":116,"column":6},"end":{"line":116,"column":null}},"40":{"start":{"line":121,"column":9},"end":{"line":121,"column":20}}},"fnMap":{"0":{"name":"(anonymous_7)","decl":{"start":{"line":9,"column":8},"end":{"line":9,"column":18}},"loc":{"start":{"line":9,"column":74},"end":{"line":26,"column":null}}},"1":{"name":"(anonymous_9)","decl":{"start":{"line":28,"column":8},"end":{"line":28,"column":15}},"loc":{"start":{"line":28,"column":31},"end":{"line":36,"column":null}}},"2":{"name":"(anonymous_11)","decl":{"start":{"line":38,"column":8},"end":{"line":38,"column":17}},"loc":{"start":{"line":38,"column":53},"end":{"line":67,"column":null}}},"3":{"name":"(anonymous_13)","decl":{"start":{"line":69,"column":8},"end":{"line":69,"column":16}},"loc":{"start":{"line":69,"column":90},"end":{"line":96,"column":null}}},"4":{"name":"(anonymous_15)","decl":{"start":{"line":98,"column":8},"end":{"line":98,"column":18}},"loc":{"start":{"line":98,"column":43},"end":{"line":118,"column":null}}}},"branchMap":{"0":{"loc":{"start":{"line":22,"column":6},"end":{"line":24,"column":null}},"type":"if","locations":[{"start":{"line":22,"column":6},"end":{"line":24,"column":null}}]},"1":{"loc":{"start":{"line":34,"column":4},"end":{"line":34,"column":null}},"type":"if","locations":[{"start":{"line":34,"column":4},"end":{"line":34,"column":null}}]},"2":{"loc":{"start":{"line":39,"column":4},"end":{"line":39,"column":null}},"type":"if","locations":[{"start":{"line":39,"column":4},"end":{"line":39,"column":null}}]},"3":{"loc":{"start":{"line":40,"column":4},"end":{"line":40,"column":null}},"type":"if","locations":[{"start":{"line":40,"column":4},"end":{"line":40,"column":null}}]},"4":{"loc":{"start":{"line":74,"column":6},"end":{"line":75,"column":null}},"type":"if","locations":[{"start":{"line":74,"column":6},"end":{"line":75,"column":null}}]},"5":{"loc":{"start":{"line":74,"column":10},"end":{"line":74,"column":76}},"type":"binary-expr","locations":[{"start":{"line":74,"column":10},"end":{"line":74,"column":36}},{"start":{"line":74,"column":40},"end":{"line":74,"column":76}}]},"6":{"loc":{"start":{"line":91,"column":6},"end":{"line":93,"column":null}},"type":"if","locations":[{"start":{"line":91,"column":6},"end":{"line":93,"column":null}}]},"7":{"loc":{"start":{"line":103,"column":6},"end":{"line":104,"column":null}},"type":"if","locations":[{"start":{"line":103,"column":6},"end":{"line":104,"column":null}}]},"8":{"loc":{"start":{"line":103,"column":10},"end":{"line":103,"column":76}},"type":"binary-expr","locations":[{"start":{"line":103,"column":10},"end":{"line":103,"column":36}},{"start":{"line":103,"column":40},"end":{"line":103,"column":76}}]},"9":{"loc":{"start":{"line":111,"column":6},"end":{"line":115,"column":null}},"type":"if","locations":[{"start":{"line":111,"column":6},"end":{"line":115,"column":null}}]},"10":{"loc":{"start":{"line":112,"column":8},"end":{"line":114,"column":null}},"type":"if","locations":[{"start":{"line":112,"column":8},"end":{"line":114,"column":null}}]}},"s":{"0":1,"1":1,"2":1,"3":1,"4":0,"5":0,"6":0,"7":0,"8":0,"9":2,"10":2,"11":1,"12":1,"13":1,"14":1,"15":1,"16":1,"17":1,"18":1,"19":0,"20":0,"21":0,"22":0,"23":0,"24":0,"25":0,"26":0,"27":0,"28":0,"29":0,"30":0,"31":0,"32":0,"33":0,"34":0,"35":0,"36":0,"37":0,"38":0,"39":0,"40":1},"f":{"0":0,"1":2,"2":1,"3":0,"4":0},"b":{"0":[0],"1":[1],"2":[1],"3":[1],"4":[0],"5":[0,0],"6":[0],"7":[0],"8":[0,0],"9":[0],"10":[0]}}
,"C:\\www\\projects\\social\\square\\src\\services\\UserService.ts": {"path":"C:\\www\\projects\\social\\square\\src\\services\\UserService.ts","statementMap":{"0":{"start":{"line":1,"column":0},"end":{"line":1,"column":39}},"1":{"start":{"line":2,"column":0},"end":{"line":2,"column":47}},"2":{"start":{"line":3,"column":0},"end":{"line":3,"column":33}},"3":{"start":{"line":13,"column":4},"end":{"line":13,"column":null}},"4":{"start":{"line":13,"column":35},"end":{"line":13,"column":null}},"5":{"start":{"line":15,"column":4},"end":{"line":33,"column":null}},"6":{"start":{"line":16,"column":19},"end":{"line":22,"column":8}},"7":{"start":{"line":23,"column":6},"end":{"line":23,"column":null}},"8":{"start":{"line":25,"column":6},"end":{"line":27,"column":null}},"9":{"start":{"line":26,"column":8},"end":{"line":26,"column":null}},"10":{"start":{"line":28,"column":6},"end":{"line":32,"column":null}},"11":{"start":{"line":29,"column":8},"end":{"line":31,"column":null}},"12":{"start":{"line":30,"column":10},"end":{"line":30,"column":null}},"13":{"start":{"line":37,"column":17},"end":{"line":46,"column":6}},"14":{"start":{"line":48,"column":4},"end":{"line":48,"column":null}},"15":{"start":{"line":48,"column":15},"end":{"line":48,"column":null}},"16":{"start":{"line":50,"column":4},"end":{"line":50,"column":null}},"17":{"start":{"line":54,"column":4},"end":{"line":54,"column":null}},"18":{"start":{"line":54,"column":21},"end":{"line":54,"column":null}},"19":{"start":{"line":55,"column":4},"end":{"line":55,"column":null}},"20":{"start":{"line":55,"column":16},"end":{"line":55,"column":null}},"21":{"start":{"line":57,"column":32},"end":{"line":73,"column":6}},"22":{"start":{"line":75,"column":4},"end":{"line":75,"column":null}},"23":{"start":{"line":79,"column":9},"end":{"line":79,"column":20}}},"fnMap":{"0":{"name":"(anonymous_8)","decl":{"start":{"line":12,"column":8},"end":{"line":12,"column":18}},"loc":{"start":{"line":12,"column":63},"end":{"line":34,"column":null}}},"1":{"name":"(anonymous_10)","decl":{"start":{"line":36,"column":8},"end":{"line":36,"column":15}},"loc":{"start":{"line":36,"column":31},"end":{"line":51,"column":null}}},"2":{"name":"(anonymous_12)","decl":{"start":{"line":53,"column":8},"end":{"line":53,"column":17}},"loc":{"start":{"line":53,"column":53},"end":{"line":76,"column":null}}}},"branchMap":{"0":{"loc":{"start":{"line":13,"column":4},"end":{"line":13,"column":null}},"type":"if","locations":[{"start":{"line":13,"column":4},"end":{"line":13,"column":null}}]},"1":{"loc":{"start":{"line":25,"column":6},"end":{"line":27,"column":null}},"type":"if","locations":[{"start":{"line":25,"column":6},"end":{"line":27,"column":null}}]},"2":{"loc":{"start":{"line":28,"column":6},"end":{"line":32,"column":null}},"type":"if","locations":[{"start":{"line":28,"column":6},"end":{"line":32,"column":null}}]},"3":{"loc":{"start":{"line":29,"column":8},"end":{"line":31,"column":null}},"type":"if","locations":[{"start":{"line":29,"column":8},"end":{"line":31,"column":null}}]},"4":{"loc":{"start":{"line":48,"column":4},"end":{"line":48,"column":null}},"type":"if","locations":[{"start":{"line":48,"column":4},"end":{"line":48,"column":null}}]},"5":{"loc":{"start":{"line":54,"column":4},"end":{"line":54,"column":null}},"type":"if","locations":[{"start":{"line":54,"column":4},"end":{"line":54,"column":null}}]},"6":{"loc":{"start":{"line":55,"column":4},"end":{"line":55,"column":null}},"type":"if","locations":[{"start":{"line":55,"column":4},"end":{"line":55,"column":null}}]}},"s":{"0":2,"1":2,"2":2,"3":0,"4":0,"5":0,"6":0,"7":0,"8":0,"9":0,"10":0,"11":0,"12":0,"13":2,"14":2,"15":1,"16":1,"17":1,"18":1,"19":1,"20":1,"21":1,"22":1,"23":2},"f":{"0":0,"1":2,"2":1},"b":{"0":[0],"1":[0],"2":[0],"3":[0],"4":[1],"5":[1],"6":[1]}}
}
