TN:
SF:src\prisma\prisma.ts
FNF:0
FNH:0
DA:1,3
DA:3,3
LF:2
LH:2
BRF:0
BRH:0
end_of_record
TN:
SF:src\services\CategoriesService.ts
FN:4,(anonymous_7)
FN:15,(anonymous_9)
FNF:2
FNH:2
FNDA:1,(anonymous_7)
FNDA:2,(anonymous_9)
DA:1,1
DA:5,1
DA:12,1
DA:16,2
DA:33,2
DA:34,1
DA:36,1
DA:40,1
LF:8
LH:8
BRDA:33,0,0,1
BRDA:34,1,0,0
BRF:2
BRH:1
end_of_record
TN:
SF:src\services\PostService.ts
FN:9,(anonymous_7)
FN:28,(anonymous_9)
FN:38,(anonymous_11)
FN:69,(anonymous_13)
FN:98,(anonymous_15)
FNF:5
FNH:2
FNDA:0,(anonymous_7)
FNDA:2,(anonymous_9)
FNDA:1,(anonymous_11)
FNDA:0,(anonymous_13)
FNDA:0,(anonymous_15)
DA:1,1
DA:3,1
DA:5,1
DA:6,1
DA:10,0
DA:11,0
DA:20,0
DA:22,0
DA:23,0
DA:29,2
DA:34,2
DA:35,1
DA:39,1
DA:40,1
DA:42,1
DA:66,1
DA:70,0
DA:71,0
DA:72,0
DA:74,0
DA:75,0
DA:77,0
DA:89,0
DA:91,0
DA:92,0
DA:94,0
DA:99,0
DA:100,0
DA:101,0
DA:103,0
DA:104,0
DA:105,0
DA:109,0
DA:111,0
DA:112,0
DA:113,0
DA:116,0
DA:121,1
LF:38
LH:12
BRDA:22,0,0,0
BRDA:34,1,0,1
BRDA:39,2,0,1
BRDA:40,3,0,1
BRDA:74,4,0,0
BRDA:74,5,0,0
BRDA:74,5,1,0
BRDA:91,6,0,0
BRDA:103,7,0,0
BRDA:103,8,0,0
BRDA:103,8,1,0
BRDA:111,9,0,0
BRDA:112,10,0,0
BRF:13
BRH:3
end_of_record
TN:
SF:src\services\UserService.ts
FN:12,(anonymous_8)
FN:36,(anonymous_10)
FN:53,(anonymous_12)
FNF:3
FNH:2
FNDA:0,(anonymous_8)
FNDA:2,(anonymous_10)
FNDA:1,(anonymous_12)
DA:1,2
DA:2,2
DA:3,2
DA:13,0
DA:15,0
DA:16,0
DA:23,0
DA:25,0
DA:26,0
DA:28,0
DA:29,0
DA:30,0
DA:37,2
DA:48,2
DA:50,1
DA:54,1
DA:55,1
DA:57,1
DA:75,1
DA:79,2
LF:20
LH:11
BRDA:13,0,0,0
BRDA:25,1,0,0
BRDA:28,2,0,0
BRDA:29,3,0,0
BRDA:48,4,0,1
BRDA:54,5,0,1
BRDA:55,6,0,1
BRF:7
BRH:3
end_of_record
